<?xml version="1.0" encoding="UTF-8"?>
<!-- Generated by org.testng.reporters.JUnitXMLReporter -->
<testsuite ignored="0" hostname="Rohan" failures="0" tests="3" name="Default test" time="0.103" errors="0" timestamp="2025-05-03T19:20:27 IST">
  <testcase classname="testNG_practice.LearningWithDataProvider" name="setData" time="0.017"/>
  <testcase classname="testNG_practice.LearningWithDataProvider" name="setData" time="0.003"/>
  <testcase classname="testNG_practice.LearningWithDataProvider" name="setData" time="0.002"/>
</testsuite> <!-- Default test -->
