<?xml version="1.0" encoding="UTF-8"?>
<!-- Generated by org.testng.reporters.JUnitXMLReporter -->
<testsuite ignored="2" hostname="Rohan" failures="0" tests="4" name="Test1" time="9.446" errors="0" timestamp="2025-05-04T02:55:15 IST">
  <testcase classname="testNG_practice.LearningWithEnabled" name="actionTest" time="0.018"/>
  <testcase classname="testNG_practice.LearningWithEnabled" name="modifyTest" time="9.15"/>
  <testcase classname="testNG_practice.LearningWithInvocationCount" name="deleteTest" time="0.004"/>
  <testcase classname="testNG_practice.LearningWithInvocationCount" name="deleteTest" time="0.002"/>
  <testcase classname="testNG_practice.BaseClass" name="@AfterSuite afterSuiteConfiguration" time="0.0">
    <ignored/>
  </testcase> <!-- @AfterSuite afterSuiteConfiguration -->
  <testcase classname="testNG_practice.BaseClass" name="@BeforeSuite beforeSuiteConfiguration" time="0.0">
    <ignored/>
  </testcase> <!-- @BeforeSuite beforeSuiteConfiguration -->
</testsuite> <!-- Test1 -->
