<?xml version="1.0" encoding="UTF-8"?>
<!-- Generated by org.testng.reporters.JUnitXMLReporter -->
<testsuite ignored="4" hostname="Rohan" failures="0" tests="7" name="Test2" time="9.247" errors="0" timestamp="2025-05-04T02:55:15 IST">
  <testcase classname="testNG_practice.LearningWithDependsOnMethod" name="createTest" time="0.018"/>
  <testcase classname="testNG_practice.LearningWithDependsOnMethod" name="actionTest" time="0.005"/>
  <testcase classname="testNG_practice.LearningWithDataProvider" name="setData" time="0.011"/>
  <testcase classname="testNG_practice.LearningWithDataProvider" name="setData" time="0.026"/>
  <testcase classname="testNG_practice.LearningWithDataProvider" name="setData" time="0.056"/>
  <testcase classname="testNG_practice.LearningWithPriority" name="methodTest" time="8.706"/>
  <testcase classname="testNG_practice.LearningWithPriority" name="actionTest" time="0.001"/>
  <testcase classname="testNG_practice.BaseClass" name="@AfterSuite afterSuiteConfiguration" time="0.0">
    <ignored/>
  </testcase> <!-- @AfterSuite afterSuiteConfiguration -->
  <testcase classname="testNG_practice.BaseClass" name="@AfterSuite afterSuiteConfiguration" time="0.0">
    <ignored/>
  </testcase> <!-- @AfterSuite afterSuiteConfiguration -->
  <testcase classname="testNG_practice.BaseClass" name="@BeforeSuite beforeSuiteConfiguration" time="0.0">
    <ignored/>
  </testcase> <!-- @BeforeSuite beforeSuiteConfiguration -->
  <testcase classname="testNG_practice.BaseClass" name="@BeforeSuite beforeSuiteConfiguration" time="0.0">
    <ignored/>
  </testcase> <!-- @BeforeSuite beforeSuiteConfiguration -->
</testsuite> <!-- Test2 -->
