<?xml version="1.0" encoding="UTF-8"?>
<!-- Generated by org.testng.reporters.JUnitXMLReporter -->
<testsuite ignored="12" hostname="Rohan" failures="0" tests="15" name="Test" time="0.428" errors="0" timestamp="2025-05-04T00:33:51 IST">
  <testcase classname="testNG_practice.LearningWithEnabled" name="modifyTest" time="0.012"/>
  <testcase classname="testNG_practice.LearningWithInvocationCount" name="deleteTest" time="0.004"/>
  <testcase classname="testNG_practice.LearningWithInvocationCount" name="deleteTest" time="0.005"/>
  <testcase classname="testNG_practice.LearningWithInvocationCount" name="deleteTest" time="0.003"/>
  <testcase classname="testNG_practice.LearningWithInvocationCount" name="deleteTest" time="0.02"/>
  <testcase classname="testNG_practice.LearningWithInvocationCount" name="deleteTest" time="0.005"/>
  <testcase classname="testNG_practice.LearningWithInvocationCount" name="deleteTest" time="0.007"/>
  <testcase classname="testNG_practice.LearningWithInvocationCount" name="deleteTest" time="0.009"/>
  <testcase classname="testNG_practice.LearningWithInvocationCount" name="deleteTest" time="0.006"/>
  <testcase classname="testNG_practice.LearningWithInvocationCount" name="deleteTest" time="0.009"/>
  <testcase classname="testNG_practice.LearningWithInvocationCount" name="deleteTest" time="0.005"/>
  <testcase classname="testNG_practice.LearningWithDataProvider" name="setData" time="0.014"/>
  <testcase classname="testNG_practice.LearningWithDataProvider" name="setData" time="0.003"/>
  <testcase classname="testNG_practice.LearningWithDataProvider" name="setData" time="0.004"/>
  <testcase classname="testNG_practice.LearningWithPriority" name="methodTest" time="0.002"/>
  <testcase classname="testNG_practice.BaseClass" name="@AfterSuite afterSuiteConfigurationTest" time="0.0">
    <ignored/>
  </testcase> <!-- @AfterSuite afterSuiteConfigurationTest -->
  <testcase classname="testNG_practice.LearningWithPriority" name="actionTest" time="0.0">
    <ignored/>
  </testcase> <!-- actionTest -->
  <testcase classname="testNG_practice.BaseClass" name="@BeforeSuite beforeSuiteConfigurationTest" time="0.0">
    <ignored/>
  </testcase> <!-- @BeforeSuite beforeSuiteConfigurationTest -->
  <testcase classname="testNG_practice.LearningWithDependsOnMethod" name="createTest" time="0.0">
    <ignored/>
  </testcase> <!-- createTest -->
  <testcase classname="testNG_practice.BaseClass" name="@AfterSuite afterSuiteConfigurationTest" time="0.0">
    <ignored/>
  </testcase> <!-- @AfterSuite afterSuiteConfigurationTest -->
  <testcase classname="testNG_practice.LearningWithDependsOnMethod" name="actionTest" time="0.0">
    <ignored/>
  </testcase> <!-- actionTest -->
  <testcase classname="testNG_practice.BaseClass" name="@AfterSuite afterSuiteConfigurationTest" time="0.0">
    <ignored/>
  </testcase> <!-- @AfterSuite afterSuiteConfigurationTest -->
  <testcase classname="testNG_practice.BaseClass" name="@BeforeSuite beforeSuiteConfigurationTest" time="0.0">
    <ignored/>
  </testcase> <!-- @BeforeSuite beforeSuiteConfigurationTest -->
  <testcase classname="testNG_practice.BaseClass" name="@BeforeSuite beforeSuiteConfigurationTest" time="0.0">
    <ignored/>
  </testcase> <!-- @BeforeSuite beforeSuiteConfigurationTest -->
  <testcase classname="testNG_practice.BaseClass" name="@AfterSuite afterSuiteConfigurationTest" time="0.0">
    <ignored/>
  </testcase> <!-- @AfterSuite afterSuiteConfigurationTest -->
  <testcase classname="testNG_practice.BaseClass" name="@BeforeSuite beforeSuiteConfigurationTest" time="0.0">
    <ignored/>
  </testcase> <!-- @BeforeSuite beforeSuiteConfigurationTest -->
  <testcase classname="testNG_practice.LearningWithEnabled" name="actionTest" time="0.0">
    <ignored/>
  </testcase> <!-- actionTest -->
</testsuite> <!-- Test -->
